[ 7290.824149] qcom,qpnp-smb2 c440000.qcom,spmi:qcom,pmi8998@2:qcom,qpnp-smb2: smblib_read(addr = APSD_STATUS_REG, val = 0x00)
[ 7290.824159] qcom,qpnp-smb2 c440000.qcom,spmi:qcom,pmi8998@2:qcom,qpnp-smb2: smblib_read(addr = USB_INT_RT_STS, val = USBIN_PLUGIN_RT_STS_BIT)
[ 7290.824169] qcom,qpnp-smb2 c440000.qcom,spmi:qcom,pmi8998@2:qcom,qpnp-smb2: smblib_read(addr = POWER_PATH_STATUS_REG, val = INPUT_SS_DONE_BIT|USE_USBIN_BIT|VALID_INPUT_POWER_SOURCE_STS_BIT|POWER_PATH_MASK=0x1)
[ 7290.824224] qcom,qpnp-smb2 c440000.qcom,spmi:qcom,pmi8998@2:qcom,qpnp-smb2: smblib_write(addr = CFG_BUCKBOOST_FREQ_SELECT_BUCK_REG, val = 0x00)
[ 7290.824254] SMBLIB: smblib_get_apsd_result: APSD_DTC_STATUS_DONE_BIT is 0
[ 7290.824258] SMBLIB: smblib_usb_plugin_locked: acquire chg_wake_lock
[ 7290.824285] SMBLIB: smblib_handle_usbin_uv: PMI: smblib_handle_usbin_uv: DEBUG: RESET STORM COUNT FOR POWER_OK
[ 7290.828978] SMBLIB: smblib_awake_vote_callback: set awake=1
[ 7290.829097] SMBLIB: smblib_usb_plugin_locked: IRQ: attached
[ 7290.829284] qcom,qpnp-smb2 c440000.qcom,spmi:qcom,pmi8998@2:qcom,qpnp-smb2: smblib_read(addr = USB_INT_RT_STS, val = USBIN_PLUGIN_RT_STS_BIT)
[ 7290.829447] qcom,qpnp-smb2 c440000.qcom,spmi:qcom,pmi8998@2:qcom,qpnp-smb2: smblib_read(addr = USB_INT_RT_STS, val = USBIN_PLUGIN_RT_STS_BIT)
[ 7290.829840] qcom,qpnp-smb2 c440000.qcom,spmi:qcom,pmi8998@2:qcom,qpnp-smb2: smblib_read(addr = 0x1210, val = 0x00)
[ 7290.829889] qcom,qpnp-smb2 c440000.qcom,spmi:qcom,pmi8998@2:qcom,qpnp-smb2: smblib_read(addr = USB_INT_RT_STS, val = USBIN_PLUGIN_RT_STS_BIT)
[ 7290.829946] qcom,qpnp-smb2 c440000.qcom,spmi:qcom,pmi8998@2:qcom,qpnp-smb2: smblib_read(addr = USB_INT_RT_STS, val = USBIN_PLUGIN_RT_STS_BIT)
[ 7290.830006] qcom,qpnp-smb2 c440000.qcom,spmi:qcom,pmi8998@2:qcom,qpnp-smb2: smblib_read(addr = DCIN_INT_RT_STS, val = DCIN_UV_RT_STS_BIT|DCIN_LT_3P6V_RT_STS_BIT)
[ 7290.833094] qcom,qpnp-smb2 c440000.qcom,spmi:qcom,pmi8998@2:qcom,qpnp-smb2: smblib_read(addr = POWER_PATH_STATUS_REG, val = INPUT_SS_DONE_BIT|USE_USBIN_BIT|VALID_INPUT_POWER_SOURCE_STS_BIT|POWER_PATH_MASK=0x1)
[ 7290.833130] qcom,qpnp-smb2 c440000.qcom,spmi:qcom,pmi8998@2:qcom,qpnp-smb2: smblib_read(addr = BATTERY_CHARGER_STATUS_1_REG, val = CC_SOFT_TERMINATE_BIT)
[ 7290.834246] qcom,qpnp-smb2 c440000.qcom,spmi:qcom,pmi8998@2:qcom,qpnp-smb2: smblib_read(addr = POWER_PATH_STATUS_REG, val = INPUT_SS_DONE_BIT|USE_USBIN_BIT|VALID_INPUT_POWER_SOURCE_STS_BIT|POWER_PATH_MASK=0x1)
[ 7290.834281] qcom,qpnp-smb2 c440000.qcom,spmi:qcom,pmi8998@2:qcom,qpnp-smb2: smblib_read(addr = BATTERY_CHARGER_STATUS_1_REG, val = CC_SOFT_TERMINATE_BIT)
[ 7290.834313] qcom,qpnp-smb2 c440000.qcom,spmi:qcom,pmi8998@2:qcom,qpnp-smb2: smblib_read(addr = BATTERY_CHARGER_STATUS_1_REG, val = CC_SOFT_TERMINATE_BIT)
[ 7290.834347] qcom,qpnp-smb2 c440000.qcom,spmi:qcom,pmi8998@2:qcom,qpnp-smb2: smblib_read(addr = BATTERY_CHARGER_STATUS_1_REG, val = CC_SOFT_TERMINATE_BIT)
[ 7290.834668] qcom,qpnp-smb2 c440000.qcom,spmi:qcom,pmi8998@2:qcom,qpnp-smb2: smblib_read(addr = USB_INT_RT_STS, val = USBIN_PLUGIN_RT_STS_BIT)
[ 7290.834701] qcom,qpnp-smb2 c440000.qcom,spmi:qcom,pmi8998@2:qcom,qpnp-smb2: smblib_read(addr = USB_INT_RT_STS, val = USBIN_PLUGIN_RT_STS_BIT)
[ 7290.835034] qcom,qpnp-smb2 c440000.qcom,spmi:qcom,pmi8998@2:qcom,qpnp-smb2: smblib_read(addr = BATTERY_CHARGER_STATUS_2_REG, val = 0x00)
[ 7290.835338] qcom,qpnp-smb2 c440000.qcom,spmi:qcom,pmi8998@2:qcom,qpnp-smb2: smblib_read(addr = BATTERY_CHARGER_STATUS_2_REG, val = 0x00)
[ 7290.835371] qcom,qpnp-smb2 c440000.qcom,spmi:qcom,pmi8998@2:qcom,qpnp-smb2: smblib_read(addr = USB_INT_RT_STS, val = USBIN_PLUGIN_RT_STS_BIT)
[ 7290.835413] qcom,qpnp-smb2 c440000.qcom,spmi:qcom,pmi8998@2:qcom,qpnp-smb2: smblib_read(addr = QNOVO_PT_ENABLE_CMD_REG, val = 0x00)
[ 7290.835731] qcom,qpnp-smb2 c440000.qcom,spmi:qcom,pmi8998@2:qcom,qpnp-smb2: smblib_read(addr = POWER_PATH_STATUS_REG, val = INPUT_SS_DONE_BIT|USE_USBIN_BIT|VALID_INPUT_POWER_SOURCE_STS_BIT|POWER_PATH_MASK=0x1)
[ 7290.902687] qcom,qpnp-smb2 c440000.qcom,spmi:qcom,pmi8998@2:qcom,qpnp-smb2: smblib_masked_write(addr = TYPE_C_CFG_REG, mask=0x80, val = 0x00)
[ 7290.902773] qcom,qpnp-smb2 c440000.qcom,spmi:qcom,pmi8998@2:qcom,qpnp-smb2: smblib_write(addr = CFG_BUCKBOOST_FREQ_SELECT_BOOST_REG, val = 0x01)
[ 7290.944608] qcom,qpnp-smb2 c440000.qcom,spmi:qcom,pmi8998@2:qcom,qpnp-smb2: smblib_read(addr = ICL_STATUS_REG, val = INPUT_CURRENT_LIMIT_MASK=0x14)
[ 7290.944700] qcom,qpnp-smb2 c440000.qcom,spmi:qcom,pmi8998@2:qcom,qpnp-smb2: smblib_read(addr = TYPE_C_INTRPT_ENB_SOFTWARE_CTRL_REG, val = TYPEC_VCONN_OVERCURR_INT_EN_BIT|VCONN_EN_SRC_BIT)
[ 7290.944777] qcom,qpnp-smb2 c440000.qcom,spmi:qcom,pmi8998@2:qcom,qpnp-smb2: smblib_read(addr = ICL_STATUS_REG, val = INPUT_CURRENT_LIMIT_MASK=0x14)
[ 7290.944815] qcom,qpnp-smb2 c440000.qcom,spmi:qcom,pmi8998@2:qcom,qpnp-smb2: smblib_read(addr = USB_INT_RT_STS, val = USBIN_PLUGIN_RT_STS_BIT)
[ 7290.944944] qcom,qpnp-smb2 c440000.qcom,spmi:qcom,pmi8998@2:qcom,qpnp-smb2: smblib_read(addr = APSD_STATUS_REG, val = 0x00)
[ 7290.944959] SMBLIB: smblib_get_apsd_result: APSD_DTC_STATUS_DONE_BIT is 0
[ 7290.944991] qcom,qpnp-smb2 c440000.qcom,spmi:qcom,pmi8998@2:qcom,qpnp-smb2: smblib_read(addr = TYPE_C_STATUS_5_REG, val = TYPEC_LEGACY_CABLE_STATUS_BIT)
[ 7290.945021] qcom,qpnp-smb2 c440000.qcom,spmi:qcom,pmi8998@2:qcom,qpnp-smb2: smblib_read(addr = ICL_STATUS_REG, val = INPUT_CURRENT_LIMIT_MASK=0x14)
[ 7290.946155] qcom,qpnp-smb2 c440000.qcom,spmi:qcom,pmi8998@2:qcom,qpnp-smb2: smblib_read(addr = USB_INT_RT_STS, val = USBIN_PLUGIN_RT_STS_BIT)
[ 7290.946506] qcom,qpnp-smb2 c440000.qcom,spmi:qcom,pmi8998@2:qcom,qpnp-smb2: smblib_read(addr = 0x1210, val = 0x00)
[ 7290.948418] qcom,qpnp-smb2 c440000.qcom,spmi:qcom,pmi8998@2:qcom,qpnp-smb2: smblib_read(addr = POWER_PATH_STATUS_REG, val = INPUT_SS_DONE_BIT|USE_USBIN_BIT|VALID_INPUT_POWER_SOURCE_STS_BIT|POWER_PATH_MASK=0x1)
[ 7290.948455] qcom,qpnp-smb2 c440000.qcom,spmi:qcom,pmi8998@2:qcom,qpnp-smb2: smblib_read(addr = BATTERY_CHARGER_STATUS_1_REG, val = CC_SOFT_TERMINATE_BIT)
[ 7290.952256] qcom,qpnp-smb2 c440000.qcom,spmi:qcom,pmi8998@2:qcom,qpnp-smb2: smblib_read(addr = 0x1210, val = 0x00)
[ 7290.952293] qcom,qpnp-smb2 c440000.qcom,spmi:qcom,pmi8998@2:qcom,qpnp-smb2: smblib_read(addr = USB_INT_RT_STS, val = USBIN_PLUGIN_RT_STS_BIT)
[ 7290.952334] qcom,qpnp-smb2 c440000.qcom,spmi:qcom,pmi8998@2:qcom,qpnp-smb2: smblib_read(addr = USB_INT_RT_STS, val = USBIN_PLUGIN_RT_STS_BIT)
[ 7290.952366] qcom,qpnp-smb2 c440000.qcom,spmi:qcom,pmi8998@2:qcom,qpnp-smb2: smblib_read(addr = DCIN_INT_RT_STS, val = DCIN_UV_RT_STS_BIT|DCIN_LT_3P6V_RT_STS_BIT)
[ 7290.954020] qcom,qpnp-smb2 c440000.qcom,spmi:qcom,pmi8998@2:qcom,qpnp-smb2: smblib_read(addr = POWER_PATH_STATUS_REG, val = INPUT_SS_DONE_BIT|USE_USBIN_BIT|VALID_INPUT_POWER_SOURCE_STS_BIT|POWER_PATH_MASK=0x1)
[ 7290.954076] qcom,qpnp-smb2 c440000.qcom,spmi:qcom,pmi8998@2:qcom,qpnp-smb2: smblib_read(addr = BATTERY_CHARGER_STATUS_1_REG, val = CC_SOFT_TERMINATE_BIT)
[ 7290.956203] qcom,qpnp-smb2 c440000.qcom,spmi:qcom,pmi8998@2:qcom,qpnp-smb2: smblib_read(addr = POWER_PATH_STATUS_REG, val = INPUT_SS_DONE_BIT|USE_USBIN_BIT|VALID_INPUT_POWER_SOURCE_STS_BIT|POWER_PATH_MASK=0x1)
[ 7290.956236] qcom,qpnp-smb2 c440000.qcom,spmi:qcom,pmi8998@2:qcom,qpnp-smb2: smblib_read(addr = BATTERY_CHARGER_STATUS_1_REG, val = CC_SOFT_TERMINATE_BIT)
[ 7290.956267] qcom,qpnp-smb2 c440000.qcom,spmi:qcom,pmi8998@2:qcom,qpnp-smb2: smblib_read(addr = BATTERY_CHARGER_STATUS_1_REG, val = CC_SOFT_TERMINATE_BIT)
[ 7290.956298] qcom,qpnp-smb2 c440000.qcom,spmi:qcom,pmi8998@2:qcom,qpnp-smb2: smblib_read(addr = BATTERY_CHARGER_STATUS_1_REG, val = CC_SOFT_TERMINATE_BIT)
[ 7290.956658] qcom,qpnp-smb2 c440000.qcom,spmi:qcom,pmi8998@2:qcom,qpnp-smb2: smblib_read(addr = USB_INT_RT_STS, val = USBIN_PLUGIN_RT_STS_BIT)
[ 7290.956690] qcom,qpnp-smb2 c440000.qcom,spmi:qcom,pmi8998@2:qcom,qpnp-smb2: smblib_read(addr = USB_INT_RT_STS, val = USBIN_PLUGIN_RT_STS_BIT)
[ 7290.956742] qcom,qpnp-smb2 c440000.qcom,spmi:qcom,pmi8998@2:qcom,qpnp-smb2: smblib_read(addr = BATTERY_CHARGER_STATUS_2_REG, val = 0x00)
[ 7290.957032] qcom,qpnp-smb2 c440000.qcom,spmi:qcom,pmi8998@2:qcom,qpnp-smb2: smblib_read(addr = BATTERY_CHARGER_STATUS_2_REG, val = 0x00)
[ 7290.957065] qcom,qpnp-smb2 c440000.qcom,spmi:qcom,pmi8998@2:qcom,qpnp-smb2: smblib_read(addr = USB_INT_RT_STS, val = USBIN_PLUGIN_RT_STS_BIT)
[ 7290.957109] qcom,qpnp-smb2 c440000.qcom,spmi:qcom,pmi8998@2:qcom,qpnp-smb2: smblib_read(addr = QNOVO_PT_ENABLE_CMD_REG, val = 0x00)
[ 7290.957251] qcom,qpnp-smb2 c440000.qcom,spmi:qcom,pmi8998@2:qcom,qpnp-smb2: smblib_read(addr = POWER_PATH_STATUS_REG, val = INPUT_SS_DONE_BIT|USE_USBIN_BIT|VALID_INPUT_POWER_SOURCE_STS_BIT|POWER_PATH_MASK=0x1)
[ 7290.957281] qcom,qpnp-smb2 c440000.qcom,spmi:qcom,pmi8998@2:qcom,qpnp-smb2: smblib_read(addr = POWER_PATH_STATUS_REG, val = INPUT_SS_DONE_BIT|USE_USBIN_BIT|VALID_INPUT_POWER_SOURCE_STS_BIT|POWER_PATH_MASK=0x1)
[ 7290.957319] qcom,qpnp-smb2 c440000.qcom,spmi:qcom,pmi8998@2:qcom,qpnp-smb2: smblib_read(addr = BATTERY_CHARGER_STATUS_1_REG, val = CC_SOFT_TERMINATE_BIT)
[ 7290.958393] qcom,qpnp-smb2 c440000.qcom,spmi:qcom,pmi8998@2:qcom,qpnp-smb2: smblib_read(addr = POWER_PATH_STATUS_REG, val = INPUT_SS_DONE_BIT|USE_USBIN_BIT|VALID_INPUT_POWER_SOURCE_STS_BIT|POWER_PATH_MASK=0x1)
[ 7290.958426] qcom,qpnp-smb2 c440000.qcom,spmi:qcom,pmi8998@2:qcom,qpnp-smb2: smblib_read(addr = BATTERY_CHARGER_STATUS_1_REG, val = CC_SOFT_TERMINATE_BIT)
[ 7290.958593] qcom,qpnp-smb2 c440000.qcom,spmi:qcom,pmi8998@2:qcom,qpnp-smb2: smblib_read(addr = BATTERY_CHARGER_STATUS_2_REG, val = 0x00)
[ 7290.959053] qcom,qpnp-smb2 c440000.qcom,spmi:qcom,pmi8998@2:qcom,qpnp-smb2: smblib_read(addr = POWER_PATH_STATUS_REG, val = INPUT_SS_DONE_BIT|USE_USBIN_BIT|VALID_INPUT_POWER_SOURCE_STS_BIT|POWER_PATH_MASK=0x1)
[ 7290.959254] healthd: battery l=100 v=4304 t=28.5 h=2 st=4 c=168 fc=2878000 cc=0 chg=
[ 7291.060647] qcom,qpnp-smb2 c440000.qcom,spmi:qcom,pmi8998@2:qcom,qpnp-smb2: smblib_read(addr = ICL_STATUS_REG, val = INPUT_CURRENT_LIMIT_MASK=0x14)
[ 7291.060876] qcom,qpnp-smb2 c440000.qcom,spmi:qcom,pmi8998@2:qcom,qpnp-smb2: smblib_read(addr = TYPE_C_INTRPT_ENB_SOFTWARE_CTRL_REG, val = TYPEC_VCONN_OVERCURR_INT_EN_BIT|VCONN_EN_SRC_BIT)
[ 7291.060942] qcom,qpnp-smb2 c440000.qcom,spmi:qcom,pmi8998@2:qcom,qpnp-smb2: smblib_read(addr = ICL_STATUS_REG, val = INPUT_CURRENT_LIMIT_MASK=0x14)
[ 7291.060989] qcom,qpnp-smb2 c440000.qcom,spmi:qcom,pmi8998@2:qcom,qpnp-smb2: smblib_read(addr = USB_INT_RT_STS, val = USBIN_PLUGIN_RT_STS_BIT)
[ 7291.061124] qcom,qpnp-smb2 c440000.qcom,spmi:qcom,pmi8998@2:qcom,qpnp-smb2: smblib_read(addr = APSD_STATUS_REG, val = 0x00)
[ 7291.061137] SMBLIB: smblib_get_apsd_result: APSD_DTC_STATUS_DONE_BIT is 0
[ 7291.061167] qcom,qpnp-smb2 c440000.qcom,spmi:qcom,pmi8998@2:qcom,qpnp-smb2: smblib_read(addr = TYPE_C_STATUS_5_REG, val = TYPEC_LEGACY_CABLE_STATUS_BIT)
[ 7291.061195] qcom,qpnp-smb2 c440000.qcom,spmi:qcom,pmi8998@2:qcom,qpnp-smb2: smblib_read(addr = ICL_STATUS_REG, val = INPUT_CURRENT_LIMIT_MASK=0x14)
[ 7291.062279] qcom,qpnp-smb2 c440000.qcom,spmi:qcom,pmi8998@2:qcom,qpnp-smb2: smblib_read(addr = 0x1210, val = 0x00)
[ 7291.063890] qcom,qpnp-smb2 c440000.qcom,spmi:qcom,pmi8998@2:qcom,qpnp-smb2: smblib_read(addr = POWER_PATH_STATUS_REG, val = INPUT_SS_DONE_BIT|USE_USBIN_BIT|VALID_INPUT_POWER_SOURCE_STS_BIT|POWER_PATH_MASK=0x1)
[ 7291.063978] qcom,qpnp-smb2 c440000.qcom,spmi:qcom,pmi8998@2:qcom,qpnp-smb2: smblib_read(addr = BATTERY_CHARGER_STATUS_1_REG, val = CC_SOFT_TERMINATE_BIT)
[ 7291.072552] qcom,qpnp-smb2 c440000.qcom,spmi:qcom,pmi8998@2:qcom,qpnp-smb2: smblib_read(addr = POWER_PATH_STATUS_REG, val = INPUT_SS_DONE_BIT|USE_USBIN_BIT|VALID_INPUT_POWER_SOURCE_STS_BIT|POWER_PATH_MASK=0x1)
[ 7291.072587] qcom,qpnp-smb2 c440000.qcom,spmi:qcom,pmi8998@2:qcom,qpnp-smb2: smblib_read(addr = BATTERY_CHARGER_STATUS_1_REG, val = CC_SOFT_TERMINATE_BIT)
[ 7291.073732] qcom,qpnp-smb2 c440000.qcom,spmi:qcom,pmi8998@2:qcom,qpnp-smb2: smblib_read(addr = POWER_PATH_STATUS_REG, val = INPUT_SS_DONE_BIT|USE_USBIN_BIT|VALID_INPUT_POWER_SOURCE_STS_BIT|POWER_PATH_MASK=0x1)
[ 7291.073770] qcom,qpnp-smb2 c440000.qcom,spmi:qcom,pmi8998@2:qcom,qpnp-smb2: smblib_read(addr = BATTERY_CHARGER_STATUS_1_REG, val = CC_SOFT_TERMINATE_BIT)
[ 7291.073941] qcom,qpnp-smb2 c440000.qcom,spmi:qcom,pmi8998@2:qcom,qpnp-smb2: smblib_read(addr = BATTERY_CHARGER_STATUS_2_REG, val = 0x00)
[ 7291.074340] qcom,qpnp-smb2 c440000.qcom,spmi:qcom,pmi8998@2:qcom,qpnp-smb2: smblib_read(addr = POWER_PATH_STATUS_REG, val = INPUT_SS_DONE_BIT|USE_USBIN_BIT|VALID_INPUT_POWER_SOURCE_STS_BIT|POWER_PATH_MASK=0x1)
[ 7291.074692] healthd: battery l=100 v=4304 t=28.5 h=2 st=4 c=168 fc=2878000 cc=0 chg=
[ 7291.651861] qcom,qpnp-smb2 c440000.qcom,spmi:qcom,pmi8998@2:qcom,qpnp-smb2: smblib_read(addr = APSD_STATUS_REG, val = APSD_DTC_STATUS_DONE_BIT)
[ 7291.651927] SMBLIB: smblib_handle_usb_source_change: APSD_STATUS=0x01
[ 7291.651965] qcom,qpnp-smb2 c440000.qcom,spmi:qcom,pmi8998@2:qcom,qpnp-smb2: smblib_read(addr = APSD_STATUS_REG, val = APSD_DTC_STATUS_DONE_BIT)
[ 7291.651997] qcom,qpnp-smb2 c440000.qcom,spmi:qcom,pmi8998@2:qcom,qpnp-smb2: smblib_read(addr = APSD_RESULT_STATUS_REG, val = DCP_CHARGER_BIT|APSD_RESULT_STATUS_MASK=0x8)
[ 7291.652098] qcom,qpnp-smb2 c440000.qcom,spmi:qcom,pmi8998@2:qcom,qpnp-smb2: smblib_read(addr = ICL_STATUS_REG, val = INPUT_CURRENT_LIMIT_MASK=0x14)
[ 7291.652120] SMBLIB: smblib_set_icl_current: icl_ua=475000
[ 7291.652143] qcom,qpnp-smb2 c440000.qcom,spmi:qcom,pmi8998@2:qcom,qpnp-smb2: smblib_write(addr = USBIN_CURRENT_LIMIT_CFG_REG, val = USBIN_CURRENT_LIMIT_MASK=0x13)
[ 7291.652209] qcom,qpnp-smb2 c440000.qcom,spmi:qcom,pmi8998@2:qcom,qpnp-smb2: smblib_masked_write(addr = USBIN_ICL_OPTIONS_REG, mask=0x01, val = USBIN_MODE_CHG_BIT)
[ 7291.652254] qcom,qpnp-smb2 c440000.qcom,spmi:qcom,pmi8998@2:qcom,qpnp-smb2: smblib_masked_write(addr = USBIN_LOAD_CFG_REG, mask=0x10, val = ICL_OVERRIDE_AFTER_APSD_BIT)
[ 7291.652284] SMBLIB: smblib_set_usb_suspend: suspend=0
[ 7291.652304] qcom,qpnp-smb2 c440000.qcom,spmi:qcom,pmi8998@2:qcom,qpnp-smb2: smblib_masked_write(addr = USBIN_CMD_IL_REG, mask=0x01, val = 0x00)
[ 7291.652333] QCOM-BATT: usb_icl_vote_callback: total_icl_ua=1500000
[ 7291.652344] SMBLIB: smblib_set_icl_current: icl_ua=1500000
[ 7291.652360] qcom,qpnp-smb2 c440000.qcom,spmi:qcom,pmi8998@2:qcom,qpnp-smb2: smblib_write(addr = USBIN_CURRENT_LIMIT_CFG_REG, val = USBIN_CURRENT_LIMIT_MASK=0x3c)
[ 7291.652402] qcom,qpnp-smb2 c440000.qcom,spmi:qcom,pmi8998@2:qcom,qpnp-smb2: smblib_masked_write(addr = USBIN_ICL_OPTIONS_REG, mask=0x01, val = USBIN_MODE_CHG_BIT)
[ 7291.652694] qcom,qpnp-smb2 c440000.qcom,spmi:qcom,pmi8998@2:qcom,qpnp-smb2: smblib_masked_write(addr = USBIN_LOAD_CFG_REG, mask=0x10, val = ICL_OVERRIDE_AFTER_APSD_BIT)
[ 7291.652724] SMBLIB: smblib_set_usb_suspend: suspend=0
[ 7291.652767] qcom,qpnp-smb2 c440000.qcom,spmi:qcom,pmi8998@2:qcom,qpnp-smb2: smblib_masked_write(addr = USBIN_CMD_IL_REG, mask=0x01, val = 0x00)
[ 7291.652805] SMBLIB: op_charging_en: enable=1
[ 7291.652824] qcom,qpnp-smb2 c440000.qcom,spmi:qcom,pmi8998@2:qcom,qpnp-smb2: smblib_masked_write(addr = CHARGING_ENABLE_CMD_REG, mask=0x01, val = CHARGING_ENABLE_CMD_BIT)
[ 7291.657160] SMBLIB: handle_batt_temp_normal: triggered
[ 7291.657187] SMBLIB: set_chg_ibat_vbat_max: set ibatmax=1950 and set vbatmax=4400
[ 7291.657215] QCOM-BATT: pl_fcc_vote_callback: total_fcc_ua=1950000
[ 7291.657252] qcom,qpnp-smb2 c440000.qcom,spmi:qcom,pmi8998@2:qcom,qpnp-smb2: smblib_write(addr = FAST_CHARGE_CURRENT_CFG_REG, val = FAST_CHARGE_CURRENT_SETTING_MASK=0x4e)
[ 7291.657295] QCOM-BATT: pl_fv_vote_callback: fv_uv=4400000
[ 7291.657311] qcom,qpnp-smb2 c440000.qcom,spmi:qcom,pmi8998@2:qcom,qpnp-smb2: smblib_write(addr = FLOAT_VOLTAGE_CFG_REG, val = FLOAT_VOLTAGE_SETTING_MASK=0x79)
[ 7291.657374] SMBLIB: op_battery_temp_region_set: set temp_region=5
[ 7291.657393] SMBLIB: smblib_handle_apsd_done: apsd result=0x8, name=DCP, psy_type=5
[ 7291.659287] SMBLIB: smblib_handle_apsd_done: apsd done,current_now=158
[ 7291.659328] qcom,qpnp-smb2 c440000.qcom,spmi:qcom,pmi8998@2:qcom,qpnp-smb2: smblib_read(addr = APSD_STATUS_REG, val = APSD_DTC_STATUS_DONE_BIT)
[ 7291.659358] qcom,qpnp-smb2 c440000.qcom,spmi:qcom,pmi8998@2:qcom,qpnp-smb2: smblib_read(addr = APSD_RESULT_STATUS_REG, val = DCP_CHARGER_BIT|APSD_RESULT_STATUS_MASK=0x8)
[ 7291.659457] qcom,qpnp-smb2 c440000.qcom,spmi:qcom,pmi8998@2:qcom,qpnp-smb2: smblib_read(addr = APSD_STATUS_REG, val = APSD_DTC_STATUS_DONE_BIT)
[ 7291.659610] qcom,qpnp-smb2 c440000.qcom,spmi:qcom,pmi8998@2:qcom,qpnp-smb2: smblib_read(addr = FLOAT_VOLTAGE_CFG_REG, val = FLOAT_VOLTAGE_SETTING_MASK=0x79)
[ 7291.659652] qcom,qpnp-smb2 c440000.qcom,spmi:qcom,pmi8998@2:qcom,qpnp-smb2: smblib_read(addr = FAST_CHARGE_CURRENT_CFG_REG, val = FAST_CHARGE_CURRENT_SETTING_MASK=0x4e)
[ 7291.659694] qcom,qpnp-smb2 c440000.qcom,spmi:qcom,pmi8998@2:qcom,qpnp-smb2: smblib_read(addr = ICL_STATUS_REG, val = INPUT_CURRENT_LIMIT_MASK=0x13)
[ 7291.659739] qcom,qpnp-smb2 c440000.qcom,spmi:qcom,pmi8998@2:qcom,qpnp-smb2: smblib_read(addr = BATTERY_CHARGER_STATUS_2_REG, val = 0x00)
[ 7291.659776] qcom,qpnp-smb2 c440000.qcom,spmi:qcom,pmi8998@2:qcom,qpnp-smb2: smblib_read(addr = USBIN_LOAD_CFG_REG, val = USBIN_OV_CH_LOAD_OPTION_BIT|ICL_OVERRIDE_AFTER_APSD_BIT)
[ 7291.659807] qcom,qpnp-smb2 c440000.qcom,spmi:qcom,pmi8998@2:qcom,qpnp-smb2: smblib_read(addr = USBIN_CURRENT_LIMIT_CFG_REG, val = USBIN_CURRENT_LIMIT_MASK=0x3c)
[ 7291.661133] qcom,qpnp-smb2 c440000.qcom,spmi:qcom,pmi8998@2:qcom,qpnp-smb2: smblib_read(addr = USB_INT_RT_STS, val = USBIN_PLUGIN_RT_STS_BIT)
[ 7291.661532] qcom,qpnp-smb2 c440000.qcom,spmi:qcom,pmi8998@2:qcom,qpnp-smb2: smblib_read(addr = 0x1210, val = 0x00)
[ 7291.661816] qcom,qpnp-smb2 c440000.qcom,spmi:qcom,pmi8998@2:qcom,qpnp-smb2: smblib_read(addr = 0x1210, val = 0x00)
[ 7291.661849] qcom,qpnp-smb2 c440000.qcom,spmi:qcom,pmi8998@2:qcom,qpnp-smb2: smblib_read(addr = USB_INT_RT_STS, val = USBIN_PLUGIN_RT_STS_BIT)
[ 7291.661959] qcom,qpnp-smb2 c440000.qcom,spmi:qcom,pmi8998@2:qcom,qpnp-smb2: smblib_read(addr = USB_INT_RT_STS, val = USBIN_PLUGIN_RT_STS_BIT)
[ 7291.662005] qcom,qpnp-smb2 c440000.qcom,spmi:qcom,pmi8998@2:qcom,qpnp-smb2: smblib_read(addr = DCIN_INT_RT_STS, val = DCIN_UV_RT_STS_BIT|DCIN_LT_3P6V_RT_STS_BIT)
[ 7291.663356] qcom,qpnp-smb2 c440000.qcom,spmi:qcom,pmi8998@2:qcom,qpnp-smb2: smblib_read(addr = POWER_PATH_STATUS_REG, val = INPUT_SS_DONE_BIT|USE_USBIN_BIT|VALID_INPUT_POWER_SOURCE_STS_BIT|POWER_PATH_MASK=0x1)
[ 7291.663386] qcom,qpnp-smb2 c440000.qcom,spmi:qcom,pmi8998@2:qcom,qpnp-smb2: smblib_read(addr = BATTERY_CHARGER_STATUS_1_REG, val = CC_SOFT_TERMINATE_BIT)
[ 7291.664407] qcom,qpnp-smb2 c440000.qcom,spmi:qcom,pmi8998@2:qcom,qpnp-smb2: smblib_read(addr = POWER_PATH_STATUS_REG, val = INPUT_SS_DONE_BIT|USE_USBIN_BIT|VALID_INPUT_POWER_SOURCE_STS_BIT|POWER_PATH_MASK=0x1)
[ 7291.664434] qcom,qpnp-smb2 c440000.qcom,spmi:qcom,pmi8998@2:qcom,qpnp-smb2: smblib_read(addr = BATTERY_CHARGER_STATUS_1_REG, val = CC_SOFT_TERMINATE_BIT)
[ 7291.666505] qcom,qpnp-smb2 c440000.qcom,spmi:qcom,pmi8998@2:qcom,qpnp-smb2: smblib_read(addr = POWER_PATH_STATUS_REG, val = INPUT_SS_DONE_BIT|USE_USBIN_BIT|VALID_INPUT_POWER_SOURCE_STS_BIT|POWER_PATH_MASK=0x1)
[ 7291.666533] qcom,qpnp-smb2 c440000.qcom,spmi:qcom,pmi8998@2:qcom,qpnp-smb2: smblib_read(addr = BATTERY_CHARGER_STATUS_1_REG, val = CC_SOFT_TERMINATE_BIT)
[ 7291.666561] qcom,qpnp-smb2 c440000.qcom,spmi:qcom,pmi8998@2:qcom,qpnp-smb2: smblib_read(addr = BATTERY_CHARGER_STATUS_1_REG, val = CC_SOFT_TERMINATE_BIT)
[ 7291.666588] qcom,qpnp-smb2 c440000.qcom,spmi:qcom,pmi8998@2:qcom,qpnp-smb2: smblib_read(addr = BATTERY_CHARGER_STATUS_1_REG, val = CC_SOFT_TERMINATE_BIT)
[ 7291.666876] qcom,qpnp-smb2 c440000.qcom,spmi:qcom,pmi8998@2:qcom,qpnp-smb2: smblib_read(addr = USB_INT_RT_STS, val = USBIN_PLUGIN_RT_STS_BIT)
[ 7291.666905] qcom,qpnp-smb2 c440000.qcom,spmi:qcom,pmi8998@2:qcom,qpnp-smb2: smblib_read(addr = USB_INT_RT_STS, val = USBIN_PLUGIN_RT_STS_BIT)
[ 7291.666951] qcom,qpnp-smb2 c440000.qcom,spmi:qcom,pmi8998@2:qcom,qpnp-smb2: smblib_read(addr = BATTERY_CHARGER_STATUS_2_REG, val = 0x00)
[ 7291.667227] qcom,qpnp-smb2 c440000.qcom,spmi:qcom,pmi8998@2:qcom,qpnp-smb2: smblib_read(addr = BATTERY_CHARGER_STATUS_2_REG, val = 0x00)
[ 7291.667256] qcom,qpnp-smb2 c440000.qcom,spmi:qcom,pmi8998@2:qcom,qpnp-smb2: smblib_read(addr = USB_INT_RT_STS, val = USBIN_PLUGIN_RT_STS_BIT)
[ 7291.667294] qcom,qpnp-smb2 c440000.qcom,spmi:qcom,pmi8998@2:qcom,qpnp-smb2: smblib_read(addr = QNOVO_PT_ENABLE_CMD_REG, val = 0x00)
[ 7291.667345] qcom,qpnp-smb2 c440000.qcom,spmi:qcom,pmi8998@2:qcom,qpnp-smb2: smblib_read(addr = POWER_PATH_STATUS_REG, val = INPUT_SS_DONE_BIT|USE_USBIN_BIT|VALID_INPUT_POWER_SOURCE_STS_BIT|POWER_PATH_MASK=0x1)
[ 7291.671556] qcom,qpnp-smb2 c440000.qcom,spmi:qcom,pmi8998@2:qcom,qpnp-smb2: smblib_read(addr = POWER_PATH_STATUS_REG, val = INPUT_SS_DONE_BIT|USE_USBIN_BIT|VALID_INPUT_POWER_SOURCE_STS_BIT|POWER_PATH_MASK=0x1)
[ 7291.671584] qcom,qpnp-smb2 c440000.qcom,spmi:qcom,pmi8998@2:qcom,qpnp-smb2: smblib_read(addr = BATTERY_CHARGER_STATUS_1_REG, val = CC_SOFT_TERMINATE_BIT)
[ 7291.672622] qcom,qpnp-smb2 c440000.qcom,spmi:qcom,pmi8998@2:qcom,qpnp-smb2: smblib_read(addr = POWER_PATH_STATUS_REG, val = INPUT_SS_DONE_BIT|USE_USBIN_BIT|VALID_INPUT_POWER_SOURCE_STS_BIT|POWER_PATH_MASK=0x1)
[ 7291.672648] qcom,qpnp-smb2 c440000.qcom,spmi:qcom,pmi8998@2:qcom,qpnp-smb2: smblib_read(addr = BATTERY_CHARGER_STATUS_1_REG, val = CC_SOFT_TERMINATE_BIT)
[ 7291.672771] qcom,qpnp-smb2 c440000.qcom,spmi:qcom,pmi8998@2:qcom,qpnp-smb2: smblib_read(addr = BATTERY_CHARGER_STATUS_2_REG, val = 0x00)
[ 7291.673058] qcom,qpnp-smb2 c440000.qcom,spmi:qcom,pmi8998@2:qcom,qpnp-smb2: smblib_read(addr = POWER_PATH_STATUS_REG, val = INPUT_SS_DONE_BIT|USE_USBIN_BIT|VALID_INPUT_POWER_SOURCE_STS_BIT|POWER_PATH_MASK=0x1)
[ 7291.673360] qcom,qpnp-smb2 c440000.qcom,spmi:qcom,pmi8998@2:qcom,qpnp-smb2: smblib_read(addr = ICL_STATUS_REG, val = INPUT_CURRENT_LIMIT_MASK=0x13)
[ 7291.673537] healthd: battery l=100 v=4307 t=28.4 h=2 st=4 c=158 fc=2878000 cc=0 chg=a
[ 7291.673556] healthd: yfb '1'
[ 7291.674958] synaptics,s3320: changer_write_func:ts->changer_connet = 1
[ 7291.780382] qcom,qpnp-smb2 c440000.qcom,spmi:qcom,pmi8998@2:qcom,qpnp-smb2: smblib_read(addr = ICL_STATUS_REG, val = INPUT_CURRENT_LIMIT_MASK=0x13)
[ 7291.780443] qcom,qpnp-smb2 c440000.qcom,spmi:qcom,pmi8998@2:qcom,qpnp-smb2: smblib_read(addr = TYPE_C_INTRPT_ENB_SOFTWARE_CTRL_REG, val = TYPEC_VCONN_OVERCURR_INT_EN_BIT|VCONN_EN_SRC_BIT)
[ 7291.780500] qcom,qpnp-smb2 c440000.qcom,spmi:qcom,pmi8998@2:qcom,qpnp-smb2: smblib_read(addr = ICL_STATUS_REG, val = INPUT_CURRENT_LIMIT_MASK=0x13)
[ 7291.780529] qcom,qpnp-smb2 c440000.qcom,spmi:qcom,pmi8998@2:qcom,qpnp-smb2: smblib_read(addr = USB_INT_RT_STS, val = USBIN_PLUGIN_RT_STS_BIT)
[ 7291.780645] qcom,qpnp-smb2 c440000.qcom,spmi:qcom,pmi8998@2:qcom,qpnp-smb2: smblib_read(addr = APSD_STATUS_REG, val = APSD_DTC_STATUS_DONE_BIT)
[ 7291.780668] qcom,qpnp-smb2 c440000.qcom,spmi:qcom,pmi8998@2:qcom,qpnp-smb2: smblib_read(addr = APSD_RESULT_STATUS_REG, val = DCP_CHARGER_BIT|APSD_RESULT_STATUS_MASK=0x8)
[ 7291.780694] qcom,qpnp-smb2 c440000.qcom,spmi:qcom,pmi8998@2:qcom,qpnp-smb2: smblib_read(addr = TYPE_C_STATUS_5_REG, val = TYPEC_LEGACY_CABLE_STATUS_BIT)
[ 7291.780717] qcom,qpnp-smb2 c440000.qcom,spmi:qcom,pmi8998@2:qcom,qpnp-smb2: smblib_read(addr = ICL_STATUS_REG, val = INPUT_CURRENT_LIMIT_MASK=0x13)
[ 7291.781775] qcom,qpnp-smb2 c440000.qcom,spmi:qcom,pmi8998@2:qcom,qpnp-smb2: smblib_read(addr = 0x1210, val = 0x00)
[ 7291.783293] qcom,qpnp-smb2 c440000.qcom,spmi:qcom,pmi8998@2:qcom,qpnp-smb2: smblib_read(addr = POWER_PATH_STATUS_REG, val = INPUT_SS_DONE_BIT|USE_USBIN_BIT|VALID_INPUT_POWER_SOURCE_STS_BIT|POWER_PATH_MASK=0x1)
[ 7291.783317] qcom,qpnp-smb2 c440000.qcom,spmi:qcom,pmi8998@2:qcom,qpnp-smb2: smblib_read(addr = BATTERY_CHARGER_STATUS_1_REG, val = CC_SOFT_TERMINATE_BIT)
[ 7291.790780] qcom,qpnp-smb2 c440000.qcom,spmi:qcom,pmi8998@2:qcom,qpnp-smb2: smblib_read(addr = POWER_PATH_STATUS_REG, val = INPUT_SS_DONE_BIT|USE_USBIN_BIT|VALID_INPUT_POWER_SOURCE_STS_BIT|POWER_PATH_MASK=0x1)
[ 7291.790805] qcom,qpnp-smb2 c440000.qcom,spmi:qcom,pmi8998@2:qcom,qpnp-smb2: smblib_read(addr = BATTERY_CHARGER_STATUS_1_REG, val = CC_SOFT_TERMINATE_BIT)
[ 7291.791839] qcom,qpnp-smb2 c440000.qcom,spmi:qcom,pmi8998@2:qcom,qpnp-smb2: smblib_read(addr = POWER_PATH_STATUS_REG, val = INPUT_SS_DONE_BIT|USE_USBIN_BIT|VALID_INPUT_POWER_SOURCE_STS_BIT|POWER_PATH_MASK=0x1)
[ 7291.791865] qcom,qpnp-smb2 c440000.qcom,spmi:qcom,pmi8998@2:qcom,qpnp-smb2: smblib_read(addr = BATTERY_CHARGER_STATUS_1_REG, val = CC_SOFT_TERMINATE_BIT)
[ 7291.791974] qcom,qpnp-smb2 c440000.qcom,spmi:qcom,pmi8998@2:qcom,qpnp-smb2: smblib_read(addr = BATTERY_CHARGER_STATUS_2_REG, val = 0x00)
[ 7291.792231] qcom,qpnp-smb2 c440000.qcom,spmi:qcom,pmi8998@2:qcom,qpnp-smb2: smblib_read(addr = POWER_PATH_STATUS_REG, val = INPUT_SS_DONE_BIT|USE_USBIN_BIT|VALID_INPUT_POWER_SOURCE_STS_BIT|POWER_PATH_MASK=0x1)
[ 7291.792494] qcom,qpnp-smb2 c440000.qcom,spmi:qcom,pmi8998@2:qcom,qpnp-smb2: smblib_read(addr = ICL_STATUS_REG, val = INPUT_CURRENT_LIMIT_MASK=0x13)
[ 7291.792650] healthd: battery l=100 v=4307 t=28.4 h=2 st=4 c=158 fc=2878000 cc=0 chg=a
[ 7291.972712] qcom,qpnp-smb2 c440000.qcom,spmi:qcom,pmi8998@2:qcom,qpnp-smb2: smblib_read(addr = BATTERY_CHARGER_STATUS_1_REG, val = 0x03)
[ 7291.974885] qcom,qpnp-smb2 c440000.qcom,spmi:qcom,pmi8998@2:qcom,qpnp-smb2: smblib_read(addr = POWER_PATH_STATUS_REG, val = INPUT_SS_DONE_BIT|USE_USBIN_BIT|VALID_INPUT_POWER_SOURCE_STS_BIT|POWER_PATH_MASK=0x1)
[ 7291.974920] qcom,qpnp-smb2 c440000.qcom,spmi:qcom,pmi8998@2:qcom,qpnp-smb2: smblib_read(addr = BATTERY_CHARGER_STATUS_1_REG, val = 0x03)
[ 7291.974951] qcom,qpnp-smb2 c440000.qcom,spmi:qcom,pmi8998@2:qcom,qpnp-smb2: smblib_read(addr = BATTERY_CHARGER_STATUS_7_REG, val = ENABLE_PRE_CHARGING_BIT|ENABLE_FAST_CHARGING_BIT|ENABLE_FULLON_MODE_BIT)
[ 7291.974982] qcom,qpnp-smb2 c440000.qcom,spmi:qcom,pmi8998@2:qcom,qpnp-smb2: smblib_read(addr = QNOVO_PT_ENABLE_CMD_REG, val = 0x00)
[ 7291.976550] qcom,qpnp-smb2 c440000.qcom,spmi:qcom,pmi8998@2:qcom,qpnp-smb2: smblib_read(addr = POWER_PATH_STATUS_REG, val = INPUT_SS_DONE_BIT|USE_USBIN_BIT|VALID_INPUT_POWER_SOURCE_STS_BIT|POWER_PATH_MASK=0x1)
[ 7291.976582] qcom,qpnp-smb2 c440000.qcom,spmi:qcom,pmi8998@2:qcom,qpnp-smb2: smblib_read(addr = BATTERY_CHARGER_STATUS_1_REG, val = 0x03)
[ 7291.976612] qcom,qpnp-smb2 c440000.qcom,spmi:qcom,pmi8998@2:qcom,qpnp-smb2: smblib_read(addr = BATTERY_CHARGER_STATUS_7_REG, val = ENABLE_PRE_CHARGING_BIT|ENABLE_FAST_CHARGING_BIT|ENABLE_FULLON_MODE_BIT)
[ 7291.976641] qcom,qpnp-smb2 c440000.qcom,spmi:qcom,pmi8998@2:qcom,qpnp-smb2: smblib_read(addr = QNOVO_PT_ENABLE_CMD_REG, val = 0x00)
[ 7291.976868] qcom,qpnp-smb2 c440000.qcom,spmi:qcom,pmi8998@2:qcom,qpnp-smb2: smblib_read(addr = 0x1210, val = 0x00)
[ 7291.976912] qcom,qpnp-smb2 c440000.qcom,spmi:qcom,pmi8998@2:qcom,qpnp-smb2: smblib_read(addr = USB_INT_RT_STS, val = USBIN_PLUGIN_RT_STS_BIT)
[ 7291.976960] qcom,qpnp-smb2 c440000.qcom,spmi:qcom,pmi8998@2:qcom,qpnp-smb2: smblib_read(addr = USB_INT_RT_STS, val = USBIN_PLUGIN_RT_STS_BIT)
[ 7291.976995] qcom,qpnp-smb2 c440000.qcom,spmi:qcom,pmi8998@2:qcom,qpnp-smb2: smblib_read(addr = DCIN_INT_RT_STS, val = DCIN_UV_RT_STS_BIT|DCIN_LT_3P6V_RT_STS_BIT)
[ 7291.977837] qcom,qpnp-smb2 c440000.qcom,spmi:qcom,pmi8998@2:qcom,qpnp-smb2: smblib_read(addr = POWER_PATH_STATUS_REG, val = INPUT_SS_DONE_BIT|USE_USBIN_BIT|VALID_INPUT_POWER_SOURCE_STS_BIT|POWER_PATH_MASK=0x1)
[ 7291.977873] qcom,qpnp-smb2 c440000.qcom,spmi:qcom,pmi8998@2:qcom,qpnp-smb2: smblib_read(addr = BATTERY_CHARGER_STATUS_1_REG, val = 0x03)
[ 7291.977904] qcom,qpnp-smb2 c440000.qcom,spmi:qcom,pmi8998@2:qcom,qpnp-smb2: smblib_read(addr = BATTERY_CHARGER_STATUS_7_REG, val = ENABLE_PRE_CHARGING_BIT|ENABLE_FAST_CHARGING_BIT|ENABLE_FULLON_MODE_BIT)
[ 7291.977934] qcom,qpnp-smb2 c440000.qcom,spmi:qcom,pmi8998@2:qcom,qpnp-smb2: smblib_read(addr = QNOVO_PT_ENABLE_CMD_REG, val = 0x00)
[ 7291.979011] qcom,qpnp-smb2 c440000.qcom,spmi:qcom,pmi8998@2:qcom,qpnp-smb2: smblib_read(addr = POWER_PATH_STATUS_REG, val = INPUT_SS_DONE_BIT|USE_USBIN_BIT|VALID_INPUT_POWER_SOURCE_STS_BIT|POWER_PATH_MASK=0x1)
[ 7291.979046] qcom,qpnp-smb2 c440000.qcom,spmi:qcom,pmi8998@2:qcom,qpnp-smb2: smblib_read(addr = BATTERY_CHARGER_STATUS_1_REG, val = 0x03)
[ 7291.979077] qcom,qpnp-smb2 c440000.qcom,spmi:qcom,pmi8998@2:qcom,qpnp-smb2: smblib_read(addr = BATTERY_CHARGER_STATUS_7_REG, val = ENABLE_PRE_CHARGING_BIT|ENABLE_FAST_CHARGING_BIT|ENABLE_FULLON_MODE_BIT)
[ 7291.979108] qcom,qpnp-smb2 c440000.qcom,spmi:qcom,pmi8998@2:qcom,qpnp-smb2: smblib_read(addr = QNOVO_PT_ENABLE_CMD_REG, val = 0x00)
[ 7291.979152] qcom,qpnp-smb2 c440000.qcom,spmi:qcom,pmi8998@2:qcom,qpnp-smb2: smblib_read(addr = BATTERY_CHARGER_STATUS_2_REG, val = INPUT_CURRENT_LIMITED_BIT)
[ 7291.979190] qcom,qpnp-smb2 c440000.qcom,spmi:qcom,pmi8998@2:qcom,qpnp-smb2: smblib_read(addr = 0x1210, val = 0x00)
[ 7291.979227] qcom,qpnp-smb2 c440000.qcom,spmi:qcom,pmi8998@2:qcom,qpnp-smb2: smblib_read(addr = BATTERY_CHARGER_STATUS_1_REG, val = 0x03)
[ 7291.980461] qcom,qpnp-smb2 c440000.qcom,spmi:qcom,pmi8998@2:qcom,qpnp-smb2: smblib_read(addr = AICL_STATUS_REG, val = SOFT_ILIMIT_BIT)
[ 7291.980499] qcom,qpnp-smb2 c440000.qcom,spmi:qcom,pmi8998@2:qcom,qpnp-smb2: smblib_read(addr = ICL_STATUS_REG, val = INPUT_CURRENT_LIMIT_MASK=0x14)
[ 7291.983227] qcom,qpnp-smb2 c440000.qcom,spmi:qcom,pmi8998@2:qcom,qpnp-smb2: smblib_read(addr = POWER_PATH_STATUS_REG, val = INPUT_SS_DONE_BIT|USE_USBIN_BIT|VALID_INPUT_POWER_SOURCE_STS_BIT|POWER_PATH_MASK=0x1)
[ 7291.983262] qcom,qpnp-smb2 c440000.qcom,spmi:qcom,pmi8998@2:qcom,qpnp-smb2: smblib_read(addr = BATTERY_CHARGER_STATUS_1_REG, val = 0x03)
[ 7291.983292] qcom,qpnp-smb2 c440000.qcom,spmi:qcom,pmi8998@2:qcom,qpnp-smb2: smblib_read(addr = BATTERY_CHARGER_STATUS_7_REG, val = ENABLE_PRE_CHARGING_BIT|ENABLE_FAST_CHARGING_BIT|ENABLE_FULLON_MODE_BIT)
[ 7291.983321] qcom,qpnp-smb2 c440000.qcom,spmi:qcom,pmi8998@2:qcom,qpnp-smb2: smblib_read(addr = QNOVO_PT_ENABLE_CMD_REG, val = 0x00)
[ 7291.985662] qcom,qpnp-smb2 c440000.qcom,spmi:qcom,pmi8998@2:qcom,qpnp-smb2: smblib_read(addr = POWER_PATH_STATUS_REG, val = INPUT_SS_DONE_BIT|USE_USBIN_BIT|VALID_INPUT_POWER_SOURCE_STS_BIT|POWER_PATH_MASK=0x1)
[ 7291.985698] qcom,qpnp-smb2 c440000.qcom,spmi:qcom,pmi8998@2:qcom,qpnp-smb2: smblib_read(addr = BATTERY_CHARGER_STATUS_1_REG, val = 0x03)
[ 7291.985727] qcom,qpnp-smb2 c440000.qcom,spmi:qcom,pmi8998@2:qcom,qpnp-smb2: smblib_read(addr = BATTERY_CHARGER_STATUS_7_REG, val = ENABLE_PRE_CHARGING_BIT|ENABLE_FAST_CHARGING_BIT|ENABLE_FULLON_MODE_BIT)
[ 7291.985757] qcom,qpnp-smb2 c440000.qcom,spmi:qcom,pmi8998@2:qcom,qpnp-smb2: smblib_read(addr = QNOVO_PT_ENABLE_CMD_REG, val = 0x00)
[ 7291.988056] qcom,qpnp-smb2 c440000.qcom,spmi:qcom,pmi8998@2:qcom,qpnp-smb2: smblib_read(addr = POWER_PATH_STATUS_REG, val = INPUT_SS_DONE_BIT|USE_USBIN_BIT|VALID_INPUT_POWER_SOURCE_STS_BIT|POWER_PATH_MASK=0x1)
[ 7291.988093] qcom,qpnp-smb2 c440000.qcom,spmi:qcom,pmi8998@2:qcom,qpnp-smb2: smblib_read(addr = BATTERY_CHARGER_STATUS_1_REG, val = 0x03)
[ 7291.988123] qcom,qpnp-smb2 c440000.qcom,spmi:qcom,pmi8998@2:qcom,qpnp-smb2: smblib_read(addr = BATTERY_CHARGER_STATUS_7_REG, val = ENABLE_PRE_CHARGING_BIT|ENABLE_FAST_CHARGING_BIT|ENABLE_FULLON_MODE_BIT)
[ 7291.988153] qcom,qpnp-smb2 c440000.qcom,spmi:qcom,pmi8998@2:qcom,qpnp-smb2: smblib_read(addr = QNOVO_PT_ENABLE_CMD_REG, val = 0x00)
[ 7291.989205] qcom,qpnp-smb2 c440000.qcom,spmi:qcom,pmi8998@2:qcom,qpnp-smb2: smblib_read(addr = POWER_PATH_STATUS_REG, val = INPUT_SS_DONE_BIT|USE_USBIN_BIT|VALID_INPUT_POWER_SOURCE_STS_BIT|POWER_PATH_MASK=0x1)
[ 7291.989238] qcom,qpnp-smb2 c440000.qcom,spmi:qcom,pmi8998@2:qcom,qpnp-smb2: smblib_read(addr = BATTERY_CHARGER_STATUS_1_REG, val = 0x03)
[ 7291.989268] qcom,qpnp-smb2 c440000.qcom,spmi:qcom,pmi8998@2:qcom,qpnp-smb2: smblib_read(addr = BATTERY_CHARGER_STATUS_7_REG, val = ENABLE_PRE_CHARGING_BIT|ENABLE_FAST_CHARGING_BIT|ENABLE_FULLON_MODE_BIT)
[ 7291.989297] qcom,qpnp-smb2 c440000.qcom,spmi:qcom,pmi8998@2:qcom,qpnp-smb2: smblib_read(addr = QNOVO_PT_ENABLE_CMD_REG, val = 0x00)
[ 7291.989328] qcom,qpnp-smb2 c440000.qcom,spmi:qcom,pmi8998@2:qcom,qpnp-smb2: smblib_read(addr = BATTERY_CHARGER_STATUS_1_REG, val = 0x03)
[ 7291.989359] qcom,qpnp-smb2 c440000.qcom,spmi:qcom,pmi8998@2:qcom,qpnp-smb2: smblib_read(addr = BATTERY_CHARGER_STATUS_1_REG, val = 0x03)
[ 7291.989684] qcom,qpnp-smb2 c440000.qcom,spmi:qcom,pmi8998@2:qcom,qpnp-smb2: smblib_read(addr = USB_INT_RT_STS, val = USBIN_PLUGIN_RT_STS_BIT)
[ 7291.989996] qcom,qpnp-smb2 c440000.qcom,spmi:qcom,pmi8998@2:qcom,qpnp-smb2: smblib_read(addr = BATTERY_CHARGER_STATUS_2_REG, val = INPUT_CURRENT_LIMITED_BIT)
[ 7291.991012] qcom,qpnp-smb2 c440000.qcom,spmi:qcom,pmi8998@2:qcom,qpnp-smb2: smblib_read(addr = AICL_STATUS_REG, val = SOFT_ILIMIT_BIT)
[ 7291.991045] qcom,qpnp-smb2 c440000.qcom,spmi:qcom,pmi8998@2:qcom,qpnp-smb2: smblib_read(addr = ICL_STATUS_REG, val = INPUT_CURRENT_LIMIT_MASK=0x15)
[ 7291.991221] qcom,qpnp-smb2 c440000.qcom,spmi:qcom,pmi8998@2:qcom,qpnp-smb2: smblib_read(addr = BATTERY_CHARGER_STATUS_2_REG, val = INPUT_CURRENT_LIMITED_BIT)
[ 7291.991253] qcom,qpnp-smb2 c440000.qcom,spmi:qcom,pmi8998@2:qcom,qpnp-smb2: smblib_read(addr = USB_INT_RT_STS, val = USBIN_PLUGIN_RT_STS_BIT)
[ 7291.991295] qcom,qpnp-smb2 c440000.qcom,spmi:qcom,pmi8998@2:qcom,qpnp-smb2: smblib_read(addr = QNOVO_PT_ENABLE_CMD_REG, val = 0x00)
[ 7291.991349] qcom,qpnp-smb2 c440000.qcom,spmi:qcom,pmi8998@2:qcom,qpnp-smb2: smblib_read(addr = POWER_PATH_STATUS_REG, val = INPUT_SS_DONE_BIT|USE_USBIN_BIT|VALID_INPUT_POWER_SOURCE_STS_BIT|POWER_PATH_MASK=0x1)
[ 7292.001802] qcom,qpnp-smb2 c440000.qcom,spmi:qcom,pmi8998@2:qcom,qpnp-smb2: smblib_read(addr = AICL_STATUS_REG, val = SOFT_ILIMIT_BIT)
[ 7292.001838] qcom,qpnp-smb2 c440000.qcom,spmi:qcom,pmi8998@2:qcom,qpnp-smb2: smblib_read(addr = ICL_STATUS_REG, val = INPUT_CURRENT_LIMIT_MASK=0x16)
[ 7292.012596] qcom,qpnp-smb2 c440000.qcom,spmi:qcom,pmi8998@2:qcom,qpnp-smb2: smblib_read(addr = AICL_STATUS_REG, val = SOFT_ILIMIT_BIT)
[ 7292.012633] qcom,qpnp-smb2 c440000.qcom,spmi:qcom,pmi8998@2:qcom,qpnp-smb2: smblib_read(addr = ICL_STATUS_REG, val = INPUT_CURRENT_LIMIT_MASK=0x17)
[ 7292.023394] qcom,qpnp-smb2 c440000.qcom,spmi:qcom,pmi8998@2:qcom,qpnp-smb2: smblib_read(addr = AICL_STATUS_REG, val = SOFT_ILIMIT_BIT)
[ 7292.023430] qcom,qpnp-smb2 c440000.qcom,spmi:qcom,pmi8998@2:qcom,qpnp-smb2: smblib_read(addr = ICL_STATUS_REG, val = INPUT_CURRENT_LIMIT_MASK=0x18)
[ 7292.034631] qcom,qpnp-smb2 c440000.qcom,spmi:qcom,pmi8998@2:qcom,qpnp-smb2: smblib_read(addr = AICL_STATUS_REG, val = SOFT_ILIMIT_BIT)
[ 7292.034666] qcom,qpnp-smb2 c440000.qcom,spmi:qcom,pmi8998@2:qcom,qpnp-smb2: smblib_read(addr = ICL_STATUS_REG, val = INPUT_CURRENT_LIMIT_MASK=0x19)
[ 7292.045431] qcom,qpnp-smb2 c440000.qcom,spmi:qcom,pmi8998@2:qcom,qpnp-smb2: smblib_read(addr = AICL_STATUS_REG, val = SOFT_ILIMIT_BIT)
[ 7292.045466] qcom,qpnp-smb2 c440000.qcom,spmi:qcom,pmi8998@2:qcom,qpnp-smb2: smblib_read(addr = ICL_STATUS_REG, val = INPUT_CURRENT_LIMIT_MASK=0x1a)
[ 7292.055766] qcom,qpnp-smb2 c440000.qcom,spmi:qcom,pmi8998@2:qcom,qpnp-smb2: smblib_read(addr = AICL_STATUS_REG, val = SOFT_ILIMIT_BIT)
[ 7292.055801] qcom,qpnp-smb2 c440000.qcom,spmi:qcom,pmi8998@2:qcom,qpnp-smb2: smblib_read(addr = ICL_STATUS_REG, val = INPUT_CURRENT_LIMIT_MASK=0x1b)
[ 7292.101517] qcom,qpnp-smb2 c440000.qcom,spmi:qcom,pmi8998@2:qcom,qpnp-smb2: smblib_read(addr = USB_INT_RT_STS, val = USBIN_PLUGIN_RT_STS_BIT)
[ 7292.150683] qcom,qpnp-smb2 c440000.qcom,spmi:qcom,pmi8998@2:qcom,qpnp-smb2: smblib_read(addr = USB_INT_RT_STS, val = USBIN_PLUGIN_RT_STS_BIT)
[ 7292.150741] qcom,qpnp-smb2 c440000.qcom,spmi:qcom,pmi8998@2:qcom,qpnp-smb2: smblib_read(addr = APSD_STATUS_REG, val = APSD_DTC_STATUS_DONE_BIT)
[ 7292.150774] qcom,qpnp-smb2 c440000.qcom,spmi:qcom,pmi8998@2:qcom,qpnp-smb2: smblib_read(addr = APSD_RESULT_STATUS_REG, val = DCP_CHARGER_BIT|APSD_RESULT_STATUS_MASK=0x8)
[ 7292.150826] qcom,qpnp-smb2 c440000.qcom,spmi:qcom,pmi8998@2:qcom,qpnp-smb2: smblib_read(addr = USB_INT_RT_STS, val = USBIN_PLUGIN_RT_STS_BIT)
[ 7292.153695] SMBLIB: set_usb_switch: switch on fastchg
[ 7292.163794] FASTCHG: usb_sw_gpio_set: set usb_sw_gpio=1
[ 7292.163839] FASTCHG: usb_sw_gpio_set: get usb_sw_gpio=1&1
[ 7292.222750] qcom,qpnp-smb2 c440000.qcom,spmi:qcom,pmi8998@2:qcom,qpnp-smb2: smblib_read(addr = 0x1210, val = 0x00)
[ 7292.222869] qcom,qpnp-smb2 c440000.qcom,spmi:qcom,pmi8998@2:qcom,qpnp-smb2: smblib_read(addr = AICL_STATUS_REG, val = 0x00)
[ 7292.222924] qcom,qpnp-smb2 c440000.qcom,spmi:qcom,pmi8998@2:qcom,qpnp-smb2: smblib_read(addr = USB_INT_RT_STS, val = USBIN_PLUGIN_RT_STS_BIT)
[ 7292.223071] qcom,qpnp-smb2 c440000.qcom,spmi:qcom,pmi8998@2:qcom,qpnp-smb2: smblib_read(addr = AICL_STATUS_REG, val = 0x00)
[ 7292.226934] qcom,qpnp-smb2 c440000.qcom,spmi:qcom,pmi8998@2:qcom,qpnp-smb2: smblib_read(addr = BATTERY_CHARGER_STATUS_1_REG, val = 0x03)
[ 7292.226999] qcom,qpnp-smb2 c440000.qcom,spmi:qcom,pmi8998@2:qcom,qpnp-smb2: smblib_read(addr = TEMP_RANGE_STATUS_REG, val = TEMP_BELOW_RANGE_BIT|TEMP_RANGE_MASK=0x2)
[ 7292.229023] qcom,qpnp-smb2 c440000.qcom,spmi:qcom,pmi8998@2:qcom,qpnp-smb2: smblib_read(addr = 0x1210, val = 0x00)
[ 7292.230675] qcom,qpnp-smb2 c440000.qcom,spmi:qcom,pmi8998@2:qcom,qpnp-smb2: smblib_read(addr = POWER_PATH_STATUS_REG, val = INPUT_SS_DONE_BIT|USE_USBIN_BIT|VALID_INPUT_POWER_SOURCE_STS_BIT|POWER_PATH_MASK=0x1)
[ 7292.230711] qcom,qpnp-smb2 c440000.qcom,spmi:qcom,pmi8998@2:qcom,qpnp-smb2: smblib_read(addr = BATTERY_CHARGER_STATUS_1_REG, val = 0x03)
[ 7292.230814] qcom,qpnp-smb2 c440000.qcom,spmi:qcom,pmi8998@2:qcom,qpnp-smb2: smblib_read(addr = BATTERY_CHARGER_STATUS_7_REG, val = ENABLE_PRE_CHARGING_BIT|ENABLE_FAST_CHARGING_BIT|ENABLE_FULLON_MODE_BIT)
[ 7292.230868] qcom,qpnp-smb2 c440000.qcom,spmi:qcom,pmi8998@2:qcom,qpnp-smb2: smblib_read(addr = QNOVO_PT_ENABLE_CMD_REG, val = 0x00)
[ 7292.237142] qcom,qpnp-smb2 c440000.qcom,spmi:qcom,pmi8998@2:qcom,qpnp-smb2: smblib_read(addr = POWER_PATH_STATUS_REG, val = INPUT_SS_DONE_BIT|USE_USBIN_BIT|VALID_INPUT_POWER_SOURCE_STS_BIT|POWER_PATH_MASK=0x1)
[ 7292.237178] qcom,qpnp-smb2 c440000.qcom,spmi:qcom,pmi8998@2:qcom,qpnp-smb2: smblib_read(addr = BATTERY_CHARGER_STATUS_1_REG, val = 0x03)
[ 7292.237208] qcom,qpnp-smb2 c440000.qcom,spmi:qcom,pmi8998@2:qcom,qpnp-smb2: smblib_read(addr = BATTERY_CHARGER_STATUS_7_REG, val = ENABLE_PRE_CHARGING_BIT|ENABLE_FAST_CHARGING_BIT|ENABLE_FULLON_MODE_BIT)
[ 7292.237237] qcom,qpnp-smb2 c440000.qcom,spmi:qcom,pmi8998@2:qcom,qpnp-smb2: smblib_read(addr = QNOVO_PT_ENABLE_CMD_REG, val = 0x00)
[ 7292.238291] qcom,qpnp-smb2 c440000.qcom,spmi:qcom,pmi8998@2:qcom,qpnp-smb2: smblib_read(addr = POWER_PATH_STATUS_REG, val = INPUT_SS_DONE_BIT|USE_USBIN_BIT|VALID_INPUT_POWER_SOURCE_STS_BIT|POWER_PATH_MASK=0x1)
[ 7292.238324] qcom,qpnp-smb2 c440000.qcom,spmi:qcom,pmi8998@2:qcom,qpnp-smb2: smblib_read(addr = BATTERY_CHARGER_STATUS_1_REG, val = 0x03)
[ 7292.238353] qcom,qpnp-smb2 c440000.qcom,spmi:qcom,pmi8998@2:qcom,qpnp-smb2: smblib_read(addr = BATTERY_CHARGER_STATUS_7_REG, val = ENABLE_PRE_CHARGING_BIT|ENABLE_FAST_CHARGING_BIT|ENABLE_FULLON_MODE_BIT)
[ 7292.238382] qcom,qpnp-smb2 c440000.qcom,spmi:qcom,pmi8998@2:qcom,qpnp-smb2: smblib_read(addr = QNOVO_PT_ENABLE_CMD_REG, val = 0x00)
[ 7292.238560] qcom,qpnp-smb2 c440000.qcom,spmi:qcom,pmi8998@2:qcom,qpnp-smb2: smblib_read(addr = BATTERY_CHARGER_STATUS_2_REG, val = 0x00)
[ 7292.238950] qcom,qpnp-smb2 c440000.qcom,spmi:qcom,pmi8998@2:qcom,qpnp-smb2: smblib_read(addr = POWER_PATH_STATUS_REG, val = INPUT_SS_DONE_BIT|USE_USBIN_BIT|VALID_INPUT_POWER_SOURCE_STS_BIT|POWER_PATH_MASK=0x1)
[ 7292.239373] qcom,qpnp-smb2 c440000.qcom,spmi:qcom,pmi8998@2:qcom,qpnp-smb2: smblib_read(addr = ICL_STATUS_REG, val = INPUT_CURRENT_LIMIT_MASK=0x1b)
[ 7292.239625] healthd: battery l=100 v=4339 t=28.4 h=2 st=2 c=-34 fc=2878000 cc=0 chg=a
[ 7292.450313] qcom,qpnp-smb2 c440000.qcom,spmi:qcom,pmi8998@2:qcom,qpnp-smb2: smblib_read(addr = BATTERY_CHARGER_STATUS_1_REG, val = 0x04)
[ 7292.452808] qcom,qpnp-smb2 c440000.qcom,spmi:qcom,pmi8998@2:qcom,qpnp-smb2: smblib_read(addr = POWER_PATH_STATUS_REG, val = INPUT_SS_DONE_BIT|USE_USBIN_BIT|VALID_INPUT_POWER_SOURCE_STS_BIT|POWER_PATH_MASK=0x1)
[ 7292.452845] qcom,qpnp-smb2 c440000.qcom,spmi:qcom,pmi8998@2:qcom,qpnp-smb2: smblib_read(addr = BATTERY_CHARGER_STATUS_1_REG, val = 0x04)
[ 7292.452875] qcom,qpnp-smb2 c440000.qcom,spmi:qcom,pmi8998@2:qcom,qpnp-smb2: smblib_read(addr = BATTERY_CHARGER_STATUS_7_REG, val = ENABLE_PRE_CHARGING_BIT|ENABLE_FAST_CHARGING_BIT|ENABLE_FULLON_MODE_BIT)
[ 7292.452903] qcom,qpnp-smb2 c440000.qcom,spmi:qcom,pmi8998@2:qcom,qpnp-smb2: smblib_read(addr = QNOVO_PT_ENABLE_CMD_REG, val = 0x00)
[ 7292.454638] qcom,qpnp-smb2 c440000.qcom,spmi:qcom,pmi8998@2:qcom,qpnp-smb2: smblib_read(addr = POWER_PATH_STATUS_REG, val = INPUT_SS_DONE_BIT|USE_USBIN_BIT|VALID_INPUT_POWER_SOURCE_STS_BIT|POWER_PATH_MASK=0x1)
[ 7292.454675] qcom,qpnp-smb2 c440000.qcom,spmi:qcom,pmi8998@2:qcom,qpnp-smb2: smblib_read(addr = BATTERY_CHARGER_STATUS_1_REG, val = 0x04)
[ 7292.454706] qcom,qpnp-smb2 c440000.qcom,spmi:qcom,pmi8998@2:qcom,qpnp-smb2: smblib_read(addr = BATTERY_CHARGER_STATUS_7_REG, val = ENABLE_PRE_CHARGING_BIT|ENABLE_FAST_CHARGING_BIT|ENABLE_FULLON_MODE_BIT)
[ 7292.454737] qcom,qpnp-smb2 c440000.qcom,spmi:qcom,pmi8998@2:qcom,qpnp-smb2: smblib_read(addr = QNOVO_PT_ENABLE_CMD_REG, val = 0x00)
[ 7292.454960] qcom,qpnp-smb2 c440000.qcom,spmi:qcom,pmi8998@2:qcom,qpnp-smb2: smblib_read(addr = 0x1210, val = 0x00)
[ 7292.455005] qcom,qpnp-smb2 c440000.qcom,spmi:qcom,pmi8998@2:qcom,qpnp-smb2: smblib_read(addr = USB_INT_RT_STS, val = USBIN_PLUGIN_RT_STS_BIT)
[ 7292.455051] qcom,qpnp-smb2 c440000.qcom,spmi:qcom,pmi8998@2:qcom,qpnp-smb2: smblib_read(addr = USB_INT_RT_STS, val = USBIN_PLUGIN_RT_STS_BIT)
[ 7292.455088] qcom,qpnp-smb2 c440000.qcom,spmi:qcom,pmi8998@2:qcom,qpnp-smb2: smblib_read(addr = DCIN_INT_RT_STS, val = DCIN_UV_RT_STS_BIT|DCIN_LT_3P6V_RT_STS_BIT)
[ 7292.455878] qcom,qpnp-smb2 c440000.qcom,spmi:qcom,pmi8998@2:qcom,qpnp-smb2: smblib_read(addr = POWER_PATH_STATUS_REG, val = INPUT_SS_DONE_BIT|USE_USBIN_BIT|VALID_INPUT_POWER_SOURCE_STS_BIT|POWER_PATH_MASK=0x1)
[ 7292.455912] qcom,qpnp-smb2 c440000.qcom,spmi:qcom,pmi8998@2:qcom,qpnp-smb2: smblib_read(addr = BATTERY_CHARGER_STATUS_1_REG, val = 0x04)
[ 7292.455942] qcom,qpnp-smb2 c440000.qcom,spmi:qcom,pmi8998@2:qcom,qpnp-smb2: smblib_read(addr = BATTERY_CHARGER_STATUS_7_REG, val = ENABLE_PRE_CHARGING_BIT|ENABLE_FAST_CHARGING_BIT|ENABLE_FULLON_MODE_BIT)
[ 7292.455972] qcom,qpnp-smb2 c440000.qcom,spmi:qcom,pmi8998@2:qcom,qpnp-smb2: smblib_read(addr = QNOVO_PT_ENABLE_CMD_REG, val = 0x00)
[ 7292.457040] qcom,qpnp-smb2 c440000.qcom,spmi:qcom,pmi8998@2:qcom,qpnp-smb2: smblib_read(addr = POWER_PATH_STATUS_REG, val = INPUT_SS_DONE_BIT|USE_USBIN_BIT|VALID_INPUT_POWER_SOURCE_STS_BIT|POWER_PATH_MASK=0x1)
[ 7292.457073] qcom,qpnp-smb2 c440000.qcom,spmi:qcom,pmi8998@2:qcom,qpnp-smb2: smblib_read(addr = BATTERY_CHARGER_STATUS_1_REG, val = 0x04)
[ 7292.457103] qcom,qpnp-smb2 c440000.qcom,spmi:qcom,pmi8998@2:qcom,qpnp-smb2: smblib_read(addr = BATTERY_CHARGER_STATUS_7_REG, val = ENABLE_PRE_CHARGING_BIT|ENABLE_FAST_CHARGING_BIT|ENABLE_FULLON_MODE_BIT)
[ 7292.457131] qcom,qpnp-smb2 c440000.qcom,spmi:qcom,pmi8998@2:qcom,qpnp-smb2: smblib_read(addr = QNOVO_PT_ENABLE_CMD_REG, val = 0x00)
[ 7292.457170] qcom,qpnp-smb2 c440000.qcom,spmi:qcom,pmi8998@2:qcom,qpnp-smb2: smblib_read(addr = BATTERY_CHARGER_STATUS_2_REG, val = 0x00)
[ 7292.457206] qcom,qpnp-smb2 c440000.qcom,spmi:qcom,pmi8998@2:qcom,qpnp-smb2: smblib_read(addr = 0x1210, val = 0x00)
[ 7292.457339] qcom,qpnp-smb2 c440000.qcom,spmi:qcom,pmi8998@2:qcom,qpnp-smb2: smblib_read(addr = BATTERY_CHARGER_STATUS_1_REG, val = 0x04)
[ 7292.458418] qcom,qpnp-smb2 c440000.qcom,spmi:qcom,pmi8998@2:qcom,qpnp-smb2: smblib_read(addr = POWER_PATH_STATUS_REG, val = INPUT_SS_DONE_BIT|USE_USBIN_BIT|VALID_INPUT_POWER_SOURCE_STS_BIT|POWER_PATH_MASK=0x1)
[ 7292.458452] qcom,qpnp-smb2 c440000.qcom,spmi:qcom,pmi8998@2:qcom,qpnp-smb2: smblib_read(addr = BATTERY_CHARGER_STATUS_1_REG, val = 0x04)
[ 7292.458484] qcom,qpnp-smb2 c440000.qcom,spmi:qcom,pmi8998@2:qcom,qpnp-smb2: smblib_read(addr = BATTERY_CHARGER_STATUS_7_REG, val = ENABLE_PRE_CHARGING_BIT|ENABLE_FAST_CHARGING_BIT|ENABLE_FULLON_MODE_BIT)
[ 7292.458514] qcom,qpnp-smb2 c440000.qcom,spmi:qcom,pmi8998@2:qcom,qpnp-smb2: smblib_read(addr = QNOVO_PT_ENABLE_CMD_REG, val = 0x00)
[ 7292.462259] qcom,qpnp-smb2 c440000.qcom,spmi:qcom,pmi8998@2:qcom,qpnp-smb2: smblib_read(addr = POWER_PATH_STATUS_REG, val = INPUT_SS_DONE_BIT|USE_USBIN_BIT|VALID_INPUT_POWER_SOURCE_STS_BIT|POWER_PATH_MASK=0x1)
[ 7292.462295] qcom,qpnp-smb2 c440000.qcom,spmi:qcom,pmi8998@2:qcom,qpnp-smb2: smblib_read(addr = BATTERY_CHARGER_STATUS_1_REG, val = 0x04)
[ 7292.462326] qcom,qpnp-smb2 c440000.qcom,spmi:qcom,pmi8998@2:qcom,qpnp-smb2: smblib_read(addr = BATTERY_CHARGER_STATUS_7_REG, val = ENABLE_PRE_CHARGING_BIT|ENABLE_FAST_CHARGING_BIT|ENABLE_FULLON_MODE_BIT)
[ 7292.462358] qcom,qpnp-smb2 c440000.qcom,spmi:qcom,pmi8998@2:qcom,qpnp-smb2: smblib_read(addr = QNOVO_PT_ENABLE_CMD_REG, val = 0x00)
[ 7292.465476] qcom,qpnp-smb2 c440000.qcom,spmi:qcom,pmi8998@2:qcom,qpnp-smb2: smblib_read(addr = POWER_PATH_STATUS_REG, val = INPUT_SS_DONE_BIT|USE_USBIN_BIT|VALID_INPUT_POWER_SOURCE_STS_BIT|POWER_PATH_MASK=0x1)
[ 7292.465512] qcom,qpnp-smb2 c440000.qcom,spmi:qcom,pmi8998@2:qcom,qpnp-smb2: smblib_read(addr = BATTERY_CHARGER_STATUS_1_REG, val = 0x04)
[ 7292.465542] qcom,qpnp-smb2 c440000.qcom,spmi:qcom,pmi8998@2:qcom,qpnp-smb2: smblib_read(addr = BATTERY_CHARGER_STATUS_7_REG, val = ENABLE_PRE_CHARGING_BIT|ENABLE_FAST_CHARGING_BIT|ENABLE_FULLON_MODE_BIT)
[ 7292.465571] qcom,qpnp-smb2 c440000.qcom,spmi:qcom,pmi8998@2:qcom,qpnp-smb2: smblib_read(addr = QNOVO_PT_ENABLE_CMD_REG, val = 0x00)
[ 7292.466622] qcom,qpnp-smb2 c440000.qcom,spmi:qcom,pmi8998@2:qcom,qpnp-smb2: smblib_read(addr = POWER_PATH_STATUS_REG, val = INPUT_SS_DONE_BIT|USE_USBIN_BIT|VALID_INPUT_POWER_SOURCE_STS_BIT|POWER_PATH_MASK=0x1)
[ 7292.466654] qcom,qpnp-smb2 c440000.qcom,spmi:qcom,pmi8998@2:qcom,qpnp-smb2: smblib_read(addr = BATTERY_CHARGER_STATUS_1_REG, val = 0x04)
[ 7292.466683] qcom,qpnp-smb2 c440000.qcom,spmi:qcom,pmi8998@2:qcom,qpnp-smb2: smblib_read(addr = BATTERY_CHARGER_STATUS_7_REG, val = ENABLE_PRE_CHARGING_BIT|ENABLE_FAST_CHARGING_BIT|ENABLE_FULLON_MODE_BIT)
[ 7292.466712] qcom,qpnp-smb2 c440000.qcom,spmi:qcom,pmi8998@2:qcom,qpnp-smb2: smblib_read(addr = QNOVO_PT_ENABLE_CMD_REG, val = 0x00)
[ 7292.466742] qcom,qpnp-smb2 c440000.qcom,spmi:qcom,pmi8998@2:qcom,qpnp-smb2: smblib_read(addr = BATTERY_CHARGER_STATUS_1_REG, val = 0x04)
[ 7292.466772] qcom,qpnp-smb2 c440000.qcom,spmi:qcom,pmi8998@2:qcom,qpnp-smb2: smblib_read(addr = BATTERY_CHARGER_STATUS_1_REG, val = 0x04)
[ 7292.467090] qcom,qpnp-smb2 c440000.qcom,spmi:qcom,pmi8998@2:qcom,qpnp-smb2: smblib_read(addr = USB_INT_RT_STS, val = USBIN_PLUGIN_RT_STS_BIT)
[ 7292.467146] qcom,qpnp-smb2 c440000.qcom,spmi:qcom,pmi8998@2:qcom,qpnp-smb2: smblib_read(addr = BATTERY_CHARGER_STATUS_2_REG, val = 0x00)
[ 7292.467649] qcom,qpnp-smb2 c440000.qcom,spmi:qcom,pmi8998@2:qcom,qpnp-smb2: smblib_read(addr = BATTERY_CHARGER_STATUS_2_REG, val = INPUT_CURRENT_LIMITED_BIT)
[ 7292.467685] qcom,qpnp-smb2 c440000.qcom,spmi:qcom,pmi8998@2:qcom,qpnp-smb2: smblib_read(addr = USB_INT_RT_STS, val = USBIN_PLUGIN_RT_STS_BIT)
[ 7292.467730] qcom,qpnp-smb2 c440000.qcom,spmi:qcom,pmi8998@2:qcom,qpnp-smb2: smblib_read(addr = QNOVO_PT_ENABLE_CMD_REG, val = 0x00)
[ 7292.467786] qcom,qpnp-smb2 c440000.qcom,spmi:qcom,pmi8998@2:qcom,qpnp-smb2: smblib_read(addr = POWER_PATH_STATUS_REG, val = INPUT_SS_DONE_BIT|USE_USBIN_BIT|VALID_INPUT_POWER_SOURCE_STS_BIT|POWER_PATH_MASK=0x1)
[ 7292.513999] qcom,qpnp-smb2 c440000.qcom,spmi:qcom,pmi8998@2:qcom,qpnp-smb2: smblib_read(addr = AICL_STATUS_REG, val = SOFT_ILIMIT_BIT)
[ 7292.514052] qcom,qpnp-smb2 c440000.qcom,spmi:qcom,pmi8998@2:qcom,qpnp-smb2: smblib_read(addr = ICL_STATUS_REG, val = INPUT_CURRENT_LIMIT_MASK=0x1c)
[ 7292.522956] qcom,qpnp-smb2 c440000.qcom,spmi:qcom,pmi8998@2:qcom,qpnp-smb2: smblib_read(addr = AICL_STATUS_REG, val = SOFT_ILIMIT_BIT)
[ 7292.522991] qcom,qpnp-smb2 c440000.qcom,spmi:qcom,pmi8998@2:qcom,qpnp-smb2: smblib_read(addr = ICL_STATUS_REG, val = INPUT_CURRENT_LIMIT_MASK=0x1d)
[ 7292.533459] qcom,qpnp-smb2 c440000.qcom,spmi:qcom,pmi8998@2:qcom,qpnp-smb2: smblib_read(addr = AICL_STATUS_REG, val = SOFT_ILIMIT_BIT)
[ 7292.533494] qcom,qpnp-smb2 c440000.qcom,spmi:qcom,pmi8998@2:qcom,qpnp-smb2: smblib_read(addr = ICL_STATUS_REG, val = INPUT_CURRENT_LIMIT_MASK=0x1e)
[ 7292.570463] qcom,qpnp-smb2 c440000.qcom,spmi:qcom,pmi8998@2:qcom,qpnp-smb2: smblib_read(addr = USB_INT_RT_STS, val = USBIN_PLUGIN_RT_STS_BIT)
[ 7292.696746] qcom,qpnp-smb2 c440000.qcom,spmi:qcom,pmi8998@2:qcom,qpnp-smb2: smblib_read(addr = 0x1210, val = 0x00)
[ 7292.696871] qcom,qpnp-smb2 c440000.qcom,spmi:qcom,pmi8998@2:qcom,qpnp-smb2: smblib_read(addr = AICL_STATUS_REG, val = 0x00)
[ 7292.696925] qcom,qpnp-smb2 c440000.qcom,spmi:qcom,pmi8998@2:qcom,qpnp-smb2: smblib_read(addr = USB_INT_RT_STS, val = USBIN_PLUGIN_RT_STS_BIT)
[ 7292.697070] qcom,qpnp-smb2 c440000.qcom,spmi:qcom,pmi8998@2:qcom,qpnp-smb2: smblib_read(addr = AICL_STATUS_REG, val = 0x00)
[ 7292.700950] qcom,qpnp-smb2 c440000.qcom,spmi:qcom,pmi8998@2:qcom,qpnp-smb2: smblib_read(addr = BATTERY_CHARGER_STATUS_1_REG, val = 0x04)
[ 7292.701016] qcom,qpnp-smb2 c440000.qcom,spmi:qcom,pmi8998@2:qcom,qpnp-smb2: smblib_read(addr = TEMP_RANGE_STATUS_REG, val = TEMP_BELOW_RANGE_BIT|TEMP_RANGE_MASK=0x2)
[ 7292.703691] qcom,qpnp-smb2 c440000.qcom,spmi:qcom,pmi8998@2:qcom,qpnp-smb2: smblib_read(addr = 0x1210, val = 0x00)
[ 7292.704967] qcom,qpnp-smb2 c440000.qcom,spmi:qcom,pmi8998@2:qcom,qpnp-smb2: smblib_read(addr = POWER_PATH_STATUS_REG, val = INPUT_SS_DONE_BIT|USE_USBIN_BIT|VALID_INPUT_POWER_SOURCE_STS_BIT|POWER_PATH_MASK=0x1)
[ 7292.705003] qcom,qpnp-smb2 c440000.qcom,spmi:qcom,pmi8998@2:qcom,qpnp-smb2: smblib_read(addr = BATTERY_CHARGER_STATUS_1_REG, val = 0x04)
[ 7292.705034] qcom,qpnp-smb2 c440000.qcom,spmi:qcom,pmi8998@2:qcom,qpnp-smb2: smblib_read(addr = BATTERY_CHARGER_STATUS_7_REG, val = ENABLE_PRE_CHARGING_BIT|ENABLE_FAST_CHARGING_BIT|ENABLE_FULLON_MODE_BIT)
[ 7292.705065] qcom,qpnp-smb2 c440000.qcom,spmi:qcom,pmi8998@2:qcom,qpnp-smb2: smblib_read(addr = QNOVO_PT_ENABLE_CMD_REG, val = 0x00)
[ 7292.712521] qcom,qpnp-smb2 c440000.qcom,spmi:qcom,pmi8998@2:qcom,qpnp-smb2: smblib_read(addr = POWER_PATH_STATUS_REG, val = INPUT_SS_DONE_BIT|USE_USBIN_BIT|VALID_INPUT_POWER_SOURCE_STS_BIT|POWER_PATH_MASK=0x1)
[ 7292.712556] qcom,qpnp-smb2 c440000.qcom,spmi:qcom,pmi8998@2:qcom,qpnp-smb2: smblib_read(addr = BATTERY_CHARGER_STATUS_1_REG, val = 0x04)
[ 7292.712585] qcom,qpnp-smb2 c440000.qcom,spmi:qcom,pmi8998@2:qcom,qpnp-smb2: smblib_read(addr = BATTERY_CHARGER_STATUS_7_REG, val = ENABLE_PRE_CHARGING_BIT|ENABLE_FAST_CHARGING_BIT|ENABLE_FULLON_MODE_BIT)
[ 7292.712614] qcom,qpnp-smb2 c440000.qcom,spmi:qcom,pmi8998@2:qcom,qpnp-smb2: smblib_read(addr = QNOVO_PT_ENABLE_CMD_REG, val = 0x00)
[ 7292.713660] qcom,qpnp-smb2 c440000.qcom,spmi:qcom,pmi8998@2:qcom,qpnp-smb2: smblib_read(addr = POWER_PATH_STATUS_REG, val = INPUT_SS_DONE_BIT|USE_USBIN_BIT|VALID_INPUT_POWER_SOURCE_STS_BIT|POWER_PATH_MASK=0x1)
[ 7292.713692] qcom,qpnp-smb2 c440000.qcom,spmi:qcom,pmi8998@2:qcom,qpnp-smb2: smblib_read(addr = BATTERY_CHARGER_STATUS_1_REG, val = 0x04)
[ 7292.713722] qcom,qpnp-smb2 c440000.qcom,spmi:qcom,pmi8998@2:qcom,qpnp-smb2: smblib_read(addr = BATTERY_CHARGER_STATUS_7_REG, val = ENABLE_PRE_CHARGING_BIT|ENABLE_FAST_CHARGING_BIT|ENABLE_FULLON_MODE_BIT)
[ 7292.713750] qcom,qpnp-smb2 c440000.qcom,spmi:qcom,pmi8998@2:qcom,qpnp-smb2: smblib_read(addr = QNOVO_PT_ENABLE_CMD_REG, val = 0x00)
[ 7292.713918] qcom,qpnp-smb2 c440000.qcom,spmi:qcom,pmi8998@2:qcom,qpnp-smb2: smblib_read(addr = BATTERY_CHARGER_STATUS_2_REG, val = 0x00)
[ 7292.714286] qcom,qpnp-smb2 c440000.qcom,spmi:qcom,pmi8998@2:qcom,qpnp-smb2: smblib_read(addr = POWER_PATH_STATUS_REG, val = INPUT_SS_DONE_BIT|USE_USBIN_BIT|VALID_INPUT_POWER_SOURCE_STS_BIT|POWER_PATH_MASK=0x1)
[ 7292.714699] qcom,qpnp-smb2 c440000.qcom,spmi:qcom,pmi8998@2:qcom,qpnp-smb2: smblib_read(addr = ICL_STATUS_REG, val = INPUT_CURRENT_LIMIT_MASK=0x1e)
[ 7292.714937] healthd: battery l=100 v=4339 t=28.4 h=2 st=2 c=-34 fc=2878000 cc=0 chg=a
[ 7293.606139] qcom,qpnp-smb2 c440000.qcom,spmi:qcom,pmi8998@2:qcom,qpnp-smb2: smblib_read(addr = ICL_STATUS_REG, val = INPUT_CURRENT_LIMIT_MASK=0x1e)
[ 7293.606475] qcom,qpnp-smb2 c440000.qcom,spmi:qcom,pmi8998@2:qcom,qpnp-smb2: smblib_read(addr = FLOAT_VOLTAGE_CFG_REG, val = FLOAT_VOLTAGE_SETTING_MASK=0x79)
[ 7293.606539] qcom,qpnp-smb2 c440000.qcom,spmi:qcom,pmi8998@2:qcom,qpnp-smb2: smblib_read(addr = FAST_CHARGE_CURRENT_CFG_REG, val = FAST_CHARGE_CURRENT_SETTING_MASK=0x4e)
[ 7293.606595] qcom,qpnp-smb2 c440000.qcom,spmi:qcom,pmi8998@2:qcom,qpnp-smb2: smblib_read(addr = ICL_STATUS_REG, val = INPUT_CURRENT_LIMIT_MASK=0x1e)
[ 7293.606652] qcom,qpnp-smb2 c440000.qcom,spmi:qcom,pmi8998@2:qcom,qpnp-smb2: smblib_read(addr = BATTERY_CHARGER_STATUS_2_REG, val = 0x00)
[ 7293.606699] qcom,qpnp-smb2 c440000.qcom,spmi:qcom,pmi8998@2:qcom,qpnp-smb2: smblib_read(addr = USBIN_LOAD_CFG_REG, val = USBIN_OV_CH_LOAD_OPTION_BIT|ICL_OVERRIDE_AFTER_APSD_BIT)
[ 7293.606733] qcom,qpnp-smb2 c440000.qcom,spmi:qcom,pmi8998@2:qcom,qpnp-smb2: smblib_read(addr = USBIN_CURRENT_LIMIT_CFG_REG, val = USBIN_CURRENT_LIMIT_MASK=0x3c)
[ 7293.612293] qcom,qpnp-smb2 c440000.qcom,spmi:qcom,pmi8998@2:qcom,qpnp-smb2: smblib_read(addr = 0x1210, val = 0x00)
[ 7293.616779] qcom,qpnp-smb2 c440000.qcom,spmi:qcom,pmi8998@2:qcom,qpnp-smb2: smblib_read(addr = POWER_PATH_STATUS_REG, val = INPUT_SS_DONE_BIT|USE_USBIN_BIT|VALID_INPUT_POWER_SOURCE_STS_BIT|POWER_PATH_MASK=0x1)
[ 7293.616816] qcom,qpnp-smb2 c440000.qcom,spmi:qcom,pmi8998@2:qcom,qpnp-smb2: smblib_read(addr = BATTERY_CHARGER_STATUS_1_REG, val = 0x04)
[ 7293.616847] qcom,qpnp-smb2 c440000.qcom,spmi:qcom,pmi8998@2:qcom,qpnp-smb2: smblib_read(addr = BATTERY_CHARGER_STATUS_7_REG, val = ENABLE_PRE_CHARGING_BIT|ENABLE_FAST_CHARGING_BIT|ENABLE_FULLON_MODE_BIT)
[ 7293.616877] qcom,qpnp-smb2 c440000.qcom,spmi:qcom,pmi8998@2:qcom,qpnp-smb2: smblib_read(addr = QNOVO_PT_ENABLE_CMD_REG, val = 0x00)
[ 7293.626506] qcom,qpnp-smb2 c440000.qcom,spmi:qcom,pmi8998@2:qcom,qpnp-smb2: smblib_read(addr = POWER_PATH_STATUS_REG, val = INPUT_SS_DONE_BIT|USE_USBIN_BIT|VALID_INPUT_POWER_SOURCE_STS_BIT|POWER_PATH_MASK=0x1)
[ 7293.626539] qcom,qpnp-smb2 c440000.qcom,spmi:qcom,pmi8998@2:qcom,qpnp-smb2: smblib_read(addr = BATTERY_CHARGER_STATUS_1_REG, val = 0x04)
[ 7293.626566] qcom,qpnp-smb2 c440000.qcom,spmi:qcom,pmi8998@2:qcom,qpnp-smb2: smblib_read(addr = BATTERY_CHARGER_STATUS_7_REG, val = ENABLE_PRE_CHARGING_BIT|ENABLE_FAST_CHARGING_BIT|ENABLE_FULLON_MODE_BIT)
[ 7293.626594] qcom,qpnp-smb2 c440000.qcom,spmi:qcom,pmi8998@2:qcom,qpnp-smb2: smblib_read(addr = QNOVO_PT_ENABLE_CMD_REG, val = 0x00)
[ 7293.627665] qcom,qpnp-smb2 c440000.qcom,spmi:qcom,pmi8998@2:qcom,qpnp-smb2: smblib_read(addr = POWER_PATH_STATUS_REG, val = INPUT_SS_DONE_BIT|USE_USBIN_BIT|VALID_INPUT_POWER_SOURCE_STS_BIT|POWER_PATH_MASK=0x1)
[ 7293.627694] qcom,qpnp-smb2 c440000.qcom,spmi:qcom,pmi8998@2:qcom,qpnp-smb2: smblib_read(addr = BATTERY_CHARGER_STATUS_1_REG, val = 0x04)
[ 7293.627721] qcom,qpnp-smb2 c440000.qcom,spmi:qcom,pmi8998@2:qcom,qpnp-smb2: smblib_read(addr = BATTERY_CHARGER_STATUS_7_REG, val = ENABLE_PRE_CHARGING_BIT|ENABLE_FAST_CHARGING_BIT|ENABLE_FULLON_MODE_BIT)
[ 7293.627747] qcom,qpnp-smb2 c440000.qcom,spmi:qcom,pmi8998@2:qcom,qpnp-smb2: smblib_read(addr = QNOVO_PT_ENABLE_CMD_REG, val = 0x00)
[ 7293.627900] qcom,qpnp-smb2 c440000.qcom,spmi:qcom,pmi8998@2:qcom,qpnp-smb2: smblib_read(addr = BATTERY_CHARGER_STATUS_2_REG, val = 0x00)
[ 7293.628244] qcom,qpnp-smb2 c440000.qcom,spmi:qcom,pmi8998@2:qcom,qpnp-smb2: smblib_read(addr = POWER_PATH_STATUS_REG, val = INPUT_SS_DONE_BIT|USE_USBIN_BIT|VALID_INPUT_POWER_SOURCE_STS_BIT|POWER_PATH_MASK=0x1)
[ 7293.628609] qcom,qpnp-smb2 c440000.qcom,spmi:qcom,pmi8998@2:qcom,qpnp-smb2: smblib_read(addr = ICL_STATUS_REG, val = INPUT_CURRENT_LIMIT_MASK=0x1e)